Requirement already satisfied: albumentations in /home/users/j/jacsont/Sandozenv/lib/python3.8/site-packages (1.1.0)
Requirement already satisfied: PyYAML in /home/users/j/jacsont/Sandozenv/lib/python3.8/site-packages (from albumentations) (6.0)
Requirement already satisfied: scipy in /home/users/j/jacsont/Sandozenv/lib/python3.8/site-packages (from albumentations) (1.7.3)
Requirement already satisfied: opencv-python-headless>=4.1.1 in /home/users/j/jacsont/Sandozenv/lib/python3.8/site-packages (from albumentations) (4.5.5.62)
Requirement already satisfied: scikit-image>=0.16.1 in /home/users/j/jacsont/Sandozenv/lib/python3.8/site-packages (from albumentations) (0.19.0)
Requirement already satisfied: numpy>=1.11.1 in /home/users/j/jacsont/Sandozenv/lib/python3.8/site-packages (from albumentations) (1.21.4)
Requirement already satisfied: qudida>=0.0.4 in /home/users/j/jacsont/Sandozenv/lib/python3.8/site-packages (from albumentations) (0.0.4)
Requirement already satisfied: tifffile>=2019.7.26 in /home/users/j/jacsont/Sandozenv/lib/python3.8/site-packages (from scikit-image>=0.16.1->albumentations) (2021.11.2)
Requirement already satisfied: networkx>=2.2 in /home/users/j/jacsont/Sandozenv/lib/python3.8/site-packages (from scikit-image>=0.16.1->albumentations) (2.6.3)
Requirement already satisfied: imageio>=2.4.1 in /home/users/j/jacsont/Sandozenv/lib/python3.8/site-packages (from scikit-image>=0.16.1->albumentations) (2.13.3)
Requirement already satisfied: pillow!=7.1.0,!=7.1.1,!=8.3.0,>=6.1.0 in /home/users/j/jacsont/Sandozenv/lib/python3.8/site-packages (from scikit-image>=0.16.1->albumentations) (8.4.0)
Requirement already satisfied: packaging>=20.0 in /home/users/j/jacsont/Sandozenv/lib/python3.8/site-packages (from scikit-image>=0.16.1->albumentations) (21.3)
Requirement already satisfied: PyWavelets>=1.1.1 in /home/users/j/jacsont/Sandozenv/lib/python3.8/site-packages (from scikit-image>=0.16.1->albumentations) (1.2.0)
Requirement already satisfied: typing-extensions in /home/users/j/jacsont/Sandozenv/lib/python3.8/site-packages (from qudida>=0.0.4->albumentations) (4.0.1)
Requirement already satisfied: scikit-learn>=0.19.1 in /home/users/j/jacsont/Sandozenv/lib/python3.8/site-packages (from qudida>=0.0.4->albumentations) (1.0.2)
Requirement already satisfied: pyparsing!=3.0.5,>=2.0.2 in /home/users/j/jacsont/Sandozenv/lib/python3.8/site-packages (from packaging>=20.0->scikit-image>=0.16.1->albumentations) (3.0.6)
Requirement already satisfied: joblib>=0.11 in /home/users/j/jacsont/Sandozenv/lib/python3.8/site-packages (from scikit-learn>=0.19.1->qudida>=0.0.4->albumentations) (1.1.0)
Requirement already satisfied: threadpoolctl>=2.0.0 in /home/users/j/jacsont/Sandozenv/lib/python3.8/site-packages (from scikit-learn>=0.19.1->qudida>=0.0.4->albumentations) (3.1.0)
WARNING: You are using pip version 20.2.1; however, version 22.1 is available.
You should consider upgrading via the '/home/users/j/jacsont/Sandozenv/bin/python3 -m pip install --upgrade pip' command.
KETOS training
WARNING:root:scikit-learn version 1.0.2 is not supported. Minimum required version: 0.17. Maximum required version: 0.19.2. Disabling scikit-learn conversion API.
WARNING:root:Torch version 1.10.0+cu102 has not been tested with coremltools. You may run into unexpected errors. Torch 1.9.1 is the most recent version that has been tested.
Creating model [1,1200,0,3 Cr7,7,64,2,2 Gn32 Cr3,3,128,2,2 Gn32 Cr3,3,128 Gn32 Cr3,3,256 Gn32 Cr3,3,256 Gn32 Lbx32 Lby32 Cr1,1,32 Gn32 Lby32 Lbx32 O2l8] with 8 outputs ✓
Training line types:
  default	2	14
  DefaultLine:manuscript	3	68
  HeadingLine:manuscript	4	188
Training region types:
  TitlePageZone	5	73
  text	6	6
  NumberingZone	7	71
stage 1/50
Accuracy report (1) mean_iu: 0.0112 freq_iu: 0.0588 mean_acc: 0.0112 accuracy: 0.0112
stage 2/50
Accuracy report (2) mean_iu: 0.0006 freq_iu: 0.0029 mean_acc: 0.9589 accuracy: 0.9589
stage 3/50
Accuracy report (3) mean_iu: 0.0415 freq_iu: 0.2621 mean_acc: 0.9862 accuracy: 0.9862
stage 4/50
Accuracy report (4) mean_iu: 0.0444 freq_iu: 0.2863 mean_acc: 0.9916 accuracy: 0.9916
stage 5/50
Accuracy report (5) mean_iu: 0.0752 freq_iu: 0.4852 mean_acc: 0.9934 accuracy: 0.9934
stage 6/50
Accuracy report (6) mean_iu: 0.0689 freq_iu: 0.4439 mean_acc: 0.9931 accuracy: 0.9931
stage 7/50
Accuracy report (7) mean_iu: 0.0880 freq_iu: 0.4859 mean_acc: 0.9931 accuracy: 0.9931
stage 8/50
Accuracy report (8) mean_iu: 0.1014 freq_iu: 0.5129 mean_acc: 0.9933 accuracy: 0.9933
stage 9/50
Accuracy report (9) mean_iu: 0.1109 freq_iu: 0.5232 mean_acc: 0.9938 accuracy: 0.9938
stage 10/50
Accuracy report (10) mean_iu: 0.1169 freq_iu: 0.5332 mean_acc: 0.9940 accuracy: 0.9940
stage 11/50
Accuracy report (11) mean_iu: 0.1352 freq_iu: 0.5621 mean_acc: 0.9942 accuracy: 0.9942
stage 12/50
Accuracy report (12) mean_iu: 0.1326 freq_iu: 0.5652 mean_acc: 0.9942 accuracy: 0.9942
stage 13/50
Accuracy report (13) mean_iu: 0.1372 freq_iu: 0.5580 mean_acc: 0.9938 accuracy: 0.9938
stage 14/50
Accuracy report (14) mean_iu: 0.1999 freq_iu: 0.5969 mean_acc: 0.9944 accuracy: 0.9944
stage 15/50
Accuracy report (15) mean_iu: 0.1879 freq_iu: 0.5669 mean_acc: 0.9938 accuracy: 0.9938
stage 16/50
Accuracy report (16) mean_iu: 0.2278 freq_iu: 0.5861 mean_acc: 0.9942 accuracy: 0.9942
stage 17/50
Accuracy report (17) mean_iu: 0.2354 freq_iu: 0.6105 mean_acc: 0.9944 accuracy: 0.9944
stage 18/50
Accuracy report (18) mean_iu: 0.2539 freq_iu: 0.6265 mean_acc: 0.9947 accuracy: 0.9947
stage 19/50
Accuracy report (19) mean_iu: 0.2879 freq_iu: 0.6539 mean_acc: 0.9953 accuracy: 0.9953
stage 20/50
Accuracy report (20) mean_iu: 0.3157 freq_iu: 0.6592 mean_acc: 0.9951 accuracy: 0.9951
stage 21/50
Accuracy report (21) mean_iu: 0.3192 freq_iu: 0.6730 mean_acc: 0.9955 accuracy: 0.9955
stage 22/50
Accuracy report (22) mean_iu: 0.3335 freq_iu: 0.6660 mean_acc: 0.9953 accuracy: 0.9953
stage 23/50
Accuracy report (23) mean_iu: 0.3176 freq_iu: 0.6417 mean_acc: 0.9946 accuracy: 0.9946
stage 24/50
Accuracy report (24) mean_iu: 0.3190 freq_iu: 0.6750 mean_acc: 0.9956 accuracy: 0.9956
stage 25/50
Accuracy report (25) mean_iu: 0.2959 freq_iu: 0.6866 mean_acc: 0.9958 accuracy: 0.9958
stage 26/50
Accuracy report (26) mean_iu: 0.2949 freq_iu: 0.6906 mean_acc: 0.9959 accuracy: 0.9959
stage 27/50
Accuracy report (27) mean_iu: 0.3276 freq_iu: 0.6965 mean_acc: 0.9959 accuracy: 0.9959
stage 28/50
Accuracy report (28) mean_iu: 0.3165 freq_iu: 0.6865 mean_acc: 0.9959 accuracy: 0.9959
stage 29/50
Accuracy report (29) mean_iu: 0.2908 freq_iu: 0.6808 mean_acc: 0.9956 accuracy: 0.9956
stage 30/50
Accuracy report (30) mean_iu: 0.3281 freq_iu: 0.6840 mean_acc: 0.9957 accuracy: 0.9957
stage 31/50
Accuracy report (31) mean_iu: 0.3224 freq_iu: 0.6729 mean_acc: 0.9956 accuracy: 0.9956
stage 32/50
Accuracy report (32) mean_iu: 0.3368 freq_iu: 0.6879 mean_acc: 0.9957 accuracy: 0.9957
stage 33/50
Accuracy report (33) mean_iu: 0.3199 freq_iu: 0.6474 mean_acc: 0.9951 accuracy: 0.9951
stage 34/50
Accuracy report (34) mean_iu: 0.3415 freq_iu: 0.6689 mean_acc: 0.9957 accuracy: 0.9957
stage 35/50
Accuracy report (35) mean_iu: 0.3397 freq_iu: 0.6834 mean_acc: 0.9957 accuracy: 0.9957
stage 36/50
Accuracy report (36) mean_iu: 0.3220 freq_iu: 0.6793 mean_acc: 0.9954 accuracy: 0.9954
stage 37/50
Accuracy report (37) mean_iu: 0.3078 freq_iu: 0.6536 mean_acc: 0.9951 accuracy: 0.9951
stage 38/50
Accuracy report (38) mean_iu: 0.3268 freq_iu: 0.6793 mean_acc: 0.9958 accuracy: 0.9958
stage 39/50
Accuracy report (39) mean_iu: 0.3341 freq_iu: 0.6836 mean_acc: 0.9958 accuracy: 0.9958
stage 40/50
Accuracy report (40) mean_iu: 0.3280 freq_iu: 0.6988 mean_acc: 0.9961 accuracy: 0.9961
stage 41/50
Accuracy report (41) mean_iu: 0.3377 freq_iu: 0.6817 mean_acc: 0.9957 accuracy: 0.9957
stage 42/50
Accuracy report (42) mean_iu: 0.3338 freq_iu: 0.7023 mean_acc: 0.9960 accuracy: 0.9960
stage 43/50
Accuracy report (43) mean_iu: 0.3114 freq_iu: 0.6902 mean_acc: 0.9957 accuracy: 0.9957
stage 44/50
Accuracy report (44) mean_iu: 0.3407 freq_iu: 0.7041 mean_acc: 0.9961 accuracy: 0.9961
stage 45/50
Accuracy report (45) mean_iu: 0.3365 freq_iu: 0.6988 mean_acc: 0.9960 accuracy: 0.9960
stage 46/50
Accuracy report (46) mean_iu: 0.3507 freq_iu: 0.7031 mean_acc: 0.9962 accuracy: 0.9962
stage 47/50
Accuracy report (47) mean_iu: 0.2956 freq_iu: 0.6554 mean_acc: 0.9953 accuracy: 0.9953
stage 48/50
Accuracy report (48) mean_iu: 0.3367 freq_iu: 0.6863 mean_acc: 0.9958 accuracy: 0.9958
stage 49/50
Accuracy report (49) mean_iu: 0.3235 freq_iu: 0.6790 mean_acc: 0.9955 accuracy: 0.9955
stage 50/50
Accuracy report (50) mean_iu: 0.3255 freq_iu: 0.6774 mean_acc: 0.9956 accuracy: 0.9956
