Requirement already satisfied: albumentations in /home/users/j/jacsont/Topenv/lib/python3.8/site-packages (1.1.0)
Requirement already satisfied: qudida>=0.0.4 in /home/users/j/jacsont/Topenv/lib/python3.8/site-packages (from albumentations) (0.0.4)
Requirement already satisfied: numpy>=1.11.1 in /home/users/j/jacsont/Topenv/lib/python3.8/site-packages (from albumentations) (1.21.4)
Requirement already satisfied: opencv-python-headless>=4.1.1 in /home/users/j/jacsont/Topenv/lib/python3.8/site-packages (from albumentations) (4.5.5.64)
Requirement already satisfied: scikit-image>=0.16.1 in /home/users/j/jacsont/Topenv/lib/python3.8/site-packages (from albumentations) (0.19.0)
Requirement already satisfied: scipy in /home/users/j/jacsont/Topenv/lib/python3.8/site-packages (from albumentations) (1.7.3)
Requirement already satisfied: PyYAML in /home/users/j/jacsont/Topenv/lib/python3.8/site-packages (from albumentations) (6.0)
Requirement already satisfied: scikit-learn>=0.19.1 in /home/users/j/jacsont/Topenv/lib/python3.8/site-packages (from qudida>=0.0.4->albumentations) (1.1.0)
Requirement already satisfied: typing-extensions in /home/users/j/jacsont/Topenv/lib/python3.8/site-packages (from qudida>=0.0.4->albumentations) (4.0.1)
Requirement already satisfied: imageio>=2.4.1 in /home/users/j/jacsont/Topenv/lib/python3.8/site-packages (from scikit-image>=0.16.1->albumentations) (2.13.3)
Requirement already satisfied: tifffile>=2019.7.26 in /home/users/j/jacsont/Topenv/lib/python3.8/site-packages (from scikit-image>=0.16.1->albumentations) (2021.11.2)
Requirement already satisfied: packaging>=20.0 in /home/users/j/jacsont/Topenv/lib/python3.8/site-packages (from scikit-image>=0.16.1->albumentations) (21.3)
Requirement already satisfied: pillow!=7.1.0,!=7.1.1,!=8.3.0,>=6.1.0 in /home/users/j/jacsont/Topenv/lib/python3.8/site-packages (from scikit-image>=0.16.1->albumentations) (8.4.0)
Requirement already satisfied: PyWavelets>=1.1.1 in /home/users/j/jacsont/Topenv/lib/python3.8/site-packages (from scikit-image>=0.16.1->albumentations) (1.2.0)
Requirement already satisfied: networkx>=2.2 in /home/users/j/jacsont/Topenv/lib/python3.8/site-packages (from scikit-image>=0.16.1->albumentations) (2.6.3)
Requirement already satisfied: threadpoolctl>=2.0.0 in /home/users/j/jacsont/Topenv/lib/python3.8/site-packages (from scikit-learn>=0.19.1->qudida>=0.0.4->albumentations) (3.1.0)
Requirement already satisfied: joblib>=1.0.0 in /home/users/j/jacsont/Topenv/lib/python3.8/site-packages (from scikit-learn>=0.19.1->qudida>=0.0.4->albumentations) (1.1.0)
Requirement already satisfied: pyparsing!=3.0.5,>=2.0.2 in /home/users/j/jacsont/Topenv/lib/python3.8/site-packages (from packaging>=20.0->scikit-image>=0.16.1->albumentations) (3.0.6)
WARNING: You are using pip version 20.2.1; however, version 22.1 is available.
You should consider upgrading via the '/home/users/j/jacsont/Topenv/bin/python3 -m pip install --upgrade pip' command.
KETOS training
WARNING:root:scikit-learn version 1.1.0 is not supported. Minimum required version: 0.17. Maximum required version: 0.19.2. Disabling scikit-learn conversion API.
WARNING:root:Torch version 1.10.0+cu102 has not been tested with coremltools. You may run into unexpected errors. Torch 1.9.1 is the most recent version that has been tested.
Building training set
[242.5235] Text line " " is empty after transformations 
[242.5238] Text line " " is empty after transformations 
[242.5239] Text line " " is empty after transformations 
[242.5240] Text line " " is empty after transformations 
[251.1713] Text line " " is empty after transformations 
Building validation set
[500.3903] alphabet mismatch: chars in training set only: {'f', 'ō', 'q', 'y', 'j', 'b', "'", 'Ä', 'J', '4', 'w'} (not included in accuracy test during training) 
Initializing model ✓
stage 1/∞
Accuracy report (1) 0.0000 421 421
stage 2/∞
Accuracy report (2) 0.0143 421 415
stage 3/∞
Accuracy report (3) 0.0451 421 402
stage 4/∞
Accuracy report (4) 0.0570 421 397
stage 5/∞
Accuracy report (5) 0.0356 421 406
stage 6/∞
Accuracy report (6) 0.1330 421 365
stage 7/∞
Accuracy report (7) 0.1591 421 354
stage 8/∞
Accuracy report (8) 0.1686 421 350
stage 9/∞
Accuracy report (9) 0.2399 421 320
stage 10/∞
Accuracy report (10) 0.2803 421 303
stage 11/∞
Accuracy report (11) 0.2565 421 313
stage 12/∞
Accuracy report (12) 0.3705 421 265
stage 13/∞
Accuracy report (13) 0.3682 421 266
stage 14/∞
Accuracy report (14) 0.4252 421 242
stage 15/∞
Accuracy report (15) 0.4489 421 232
stage 16/∞
Accuracy report (16) 0.4727 421 222
stage 17/∞
Accuracy report (17) 0.4822 421 218
stage 18/∞
Accuracy report (18) 0.5012 421 210
stage 19/∞
Accuracy report (19) 0.5701 421 181
stage 20/∞
Accuracy report (20) 0.5748 421 179
stage 21/∞
Accuracy report (21) 0.5819 421 176
stage 22/∞
Accuracy report (22) 0.5463 421 191
stage 23/∞
Accuracy report (23) 0.6342 421 154
stage 24/∞
Accuracy report (24) 0.6295 421 156
stage 25/∞
Accuracy report (25) 0.6223 421 159
stage 26/∞
Accuracy report (26) 0.6247 421 158
stage 27/∞
Accuracy report (27) 0.6675 421 140
stage 28/∞
Accuracy report (28) 0.6461 421 149
stage 29/∞
Accuracy report (29) 0.6580 421 144
stage 30/∞
Accuracy report (30) 0.6841 421 133
stage 31/∞
Accuracy report (31) 0.6651 421 141
stage 32/∞
Accuracy report (32) 0.6390 421 152
Moving best model output_name_27.mlmodel (0.6674584150314331) to output_name_best.mlmodel
