
Les modules suivants ont été rechargés avec un changement de version :
  1) CUDA/11.5.1 => CUDA/11.1.1

KETOS training
WARNING:root:scikit-learn version 1.0.2 is not supported. Minimum required version: 0.17. Maximum required version: 0.19.2. Disabling scikit-learn conversion API.
WARNING:root:Torch version 1.10.0+cu102 has not been tested with coremltools. You may run into unexpected errors. Torch 1.9.1 is the most recent version that has been tested.
Building training set
[1200.7808] Line polygon outside of image bounds 
Building validation set
[1345.2180] Line polygon outside of image bounds 
[1345.2189] alphabet mismatch: chars in training set only: {'«', 'À', 'k', ';', 'â', 'ß', 'ç', 'Ä', 'ô', 'ê', 'v', 'y', 'à', 'Ö', 'X', '»', 'é', ':', 'x', 'è', 'Y', 'j', 'É', 'Æ', 'q', 'J', '&'} (not included in accuracy test during training) 
Initializing model ✓
stage 1/∞
Accuracy report (1) 0.0000 647 647
stage 2/∞
Accuracy report (2) 0.0000 647 647
stage 3/∞
Accuracy report (3) 0.0062 647 643
stage 4/∞
Accuracy report (4) 0.0093 647 641
stage 5/∞
Accuracy report (5) 0.0062 647 643
stage 6/∞
Accuracy report (6) 0.0062 647 643
Moving best model PrintLines_1.mlmodel (0.0) to PrintLines_best.mlmodel
